<?xml version="1.0" encoding="UTF-8"?>
<testng-results skipped="0" failed="0" total="0" passed="0">
  <reporter-output>
  </reporter-output>
  <suite name="com.printkaari.auth.test.HelloWorldTest" duration-ms="5" started-at="2016-11-10T19:30:57Z" finished-at="2016-11-10T19:30:57Z">
    <groups>
    </groups>
    <test name="Command line test" duration-ms="5" started-at="2016-11-10T19:30:57Z" finished-at="2016-11-10T19:30:57Z">
    </test> <!-- Command line test -->
  </suite> <!-- com.printkaari.auth.test.HelloWorldTest -->
</testng-results>
